<?xml version="1.0" encoding="UTF-8"?>
<!-- Generated by org.testng.reporters.JUnitXMLReporter -->
<testsuite ignored="0" hostname="DESKTOP-SDBUGJQ" failures="0" tests="3" name="TestRunner2" time="232.878" errors="0" timestamp="2025-07-03T07:44:14 IST">
  <testcase classname="contact1.CreateContactTest" name="CreateContactTest" time="111.838"/>
  <testcase classname="contact1.CreateContactTest" name="createCampaignTest" time="28.644"/>
  <testcase classname="contact1.CreateContactTest" name="m3" time="0.001"/>
</testsuite> <!-- TestRunner2 -->
