<?xml version="1.0" encoding="UTF-8"?>
<!-- Generated by org.testng.reporters.JUnitXMLReporter -->
<testsuite ignored="8" hostname="DESKTOP-SDBUGJQ" failures="1" tests="5" name="Test" time="282.571" errors="0" timestamp="2025-07-07T14:56:04 IST">
  <testcase classname="Campaign.CreateCampaignTest" name="createCampaignTest" time="112.672">
    <failure type="java.lang.AssertionError" message="i AM failing the camp page">
      <![CDATA[java.lang.AssertionError: i AM failing the camp page
at Campaign.CreateCampaignTest.createCampaignTest(CreateCampaignTest.java:66)
at java.base/java.util.ArrayList.forEach(ArrayList.java:1596)
... Removed 26 stack frames]]>
    </failure>
  </testcase> <!-- createCampaignTest -->
  <testcase classname="Campaign.CreateCampwithProdTest" name="createCampwithProdTest" time="65.718"/>
  <testcase classname="contact1.CreateContactTest" name="CreateContactTest" time="22.705"/>
  <testcase classname="contact1.CreateContactTest" name="createCampaignTest" time="19.177"/>
  <testcase classname="contact1.CreateContactTest" name="m3" time="0.003"/>
  <testcase classname="Generic_Utilies.BaseClass" name="@BeforeSuite bS" time="0.0">
    <ignored/>
  </testcase> <!-- @BeforeSuite bS -->
  <testcase classname="Generic_Utilies.BaseClass" name="@BeforeSuite bS" time="0.0">
    <ignored/>
  </testcase> <!-- @BeforeSuite bS -->
  <testcase classname="Generic_Utilies.BaseClass" name="@AfterTest aT" time="0.0">
    <ignored/>
  </testcase> <!-- @AfterTest aT -->
  <testcase classname="Generic_Utilies.BaseClass" name="@BeforeTest bT" time="0.0">
    <ignored/>
  </testcase> <!-- @BeforeTest bT -->
  <testcase classname="Generic_Utilies.BaseClass" name="@AfterSuite aS" time="0.0">
    <ignored/>
  </testcase> <!-- @AfterSuite aS -->
  <testcase classname="Generic_Utilies.BaseClass" name="@AfterTest aT" time="0.0">
    <ignored/>
  </testcase> <!-- @AfterTest aT -->
  <testcase classname="Generic_Utilies.BaseClass" name="@BeforeTest bT" time="0.0">
    <ignored/>
  </testcase> <!-- @BeforeTest bT -->
  <testcase classname="Generic_Utilies.BaseClass" name="@AfterSuite aS" time="0.0">
    <ignored/>
  </testcase> <!-- @AfterSuite aS -->
</testsuite> <!-- Test -->
