<?xml version="1.0" encoding="UTF-8"?>
<!-- Generated by org.testng.reporters.JUnitXMLReporter -->
<testsuite ignored="0" hostname="DESKTOP-SDBUGJQ" failures="0" tests="3" name="Test1" time="235.434" errors="0" timestamp="2025-07-03T08:05:29 IST">
  <testcase classname="contact1.CreateContactTest" name="CreateContactTest" time="106.221"/>
  <testcase classname="contact1.CreateContactTest" name="createCampaignTest" time="38.381"/>
  <testcase classname="contact1.CreateContactTest" name="m3" time="0.008"/>
</testsuite> <!-- Test1 -->
