<?xml version="1.0" encoding="UTF-8"?>
<testng-results ignored="0" total="1" passed="1" failed="0" skipped="0">
  <reporter-output>
  </reporter-output>
  <suite started-at="2025-07-09T07:58:20 IST" name="Default suite" finished-at="2025-07-09T07:59:10 IST" duration-ms="50348">
    <groups>
    </groups>
    <test started-at="2025-07-09T07:58:20 IST" name="Default test" finished-at="2025-07-09T07:59:10 IST" duration-ms="50348">
      <class name="contact1.CreateContactWithOrgTest">
        <test-method is-config="true" signature="bS()[pri:0, instance:contact1.CreateContactWithOrgTest@2d2ffcb7]" started-at="2025-07-09T07:58:20 IST" name="bS" finished-at="2025-07-09T07:58:20 IST" duration-ms="9" status="PASS">
          <reporter-output>
          </reporter-output>
        </test-method> <!-- bS -->
        <test-method is-config="true" signature="bT()[pri:0, instance:contact1.CreateContactWithOrgTest@2d2ffcb7]" started-at="2025-07-09T07:58:20 IST" name="bT" finished-at="2025-07-09T07:58:20 IST" duration-ms="0" status="PASS">
          <reporter-output>
          </reporter-output>
        </test-method> <!-- bT -->
        <test-method is-config="true" signature="bC()[pri:0, instance:contact1.CreateContactWithOrgTest@2d2ffcb7]" started-at="2025-07-09T07:58:20 IST" name="bC" finished-at="2025-07-09T07:58:21 IST" duration-ms="1699" status="PASS">
          <reporter-output>
          </reporter-output>
        </test-method> <!-- bC -->
        <test-method is-config="true" signature="bM()[pri:0, instance:contact1.CreateContactWithOrgTest@2d2ffcb7]" started-at="2025-07-09T07:58:21 IST" name="bM" finished-at="2025-07-09T07:58:27 IST" duration-ms="5928" status="PASS">
          <reporter-output>
          </reporter-output>
        </test-method> <!-- bM -->
        <test-method signature="createContactWithOrgTest()[pri:0, instance:contact1.CreateContactWithOrgTest@2d2ffcb7]" started-at="2025-07-09T07:58:27 IST" name="createContactWithOrgTest" finished-at="2025-07-09T07:59:07 IST" duration-ms="39840" status="PASS">
          <reporter-output>
          </reporter-output>
        </test-method> <!-- createContactWithOrgTest -->
        <test-method is-config="true" signature="aM()[pri:0, instance:contact1.CreateContactWithOrgTest@2d2ffcb7]" started-at="2025-07-09T07:59:07 IST" name="aM" finished-at="2025-07-09T07:59:10 IST" duration-ms="2557" status="PASS">
          <reporter-output>
          </reporter-output>
        </test-method> <!-- aM -->
        <test-method is-config="true" signature="aC()[pri:0, instance:contact1.CreateContactWithOrgTest@2d2ffcb7]" started-at="2025-07-09T07:59:10 IST" name="aC" finished-at="2025-07-09T07:59:10 IST" duration-ms="280" status="PASS">
          <reporter-output>
          </reporter-output>
        </test-method> <!-- aC -->
        <test-method is-config="true" signature="aT()[pri:0, instance:contact1.CreateContactWithOrgTest@2d2ffcb7]" started-at="2025-07-09T07:59:10 IST" name="aT" finished-at="2025-07-09T07:59:10 IST" duration-ms="1" status="PASS">
          <reporter-output>
          </reporter-output>
        </test-method> <!-- aT -->
        <test-method is-config="true" signature="aS()[pri:0, instance:contact1.CreateContactWithOrgTest@2d2ffcb7]" started-at="2025-07-09T07:59:10 IST" name="aS" finished-at="2025-07-09T07:59:10 IST" duration-ms="1" status="PASS">
          <reporter-output>
          </reporter-output>
        </test-method> <!-- aS -->
      </class> <!-- contact1.CreateContactWithOrgTest -->
    </test> <!-- Default test -->
  </suite> <!-- Default suite -->
</testng-results>
